<?xml version="1.0" encoding="UTF-8"?>
<testsuite xmlns:xsi="http://www.w3.org/2001/XMLSchema-instance" xsi:noNamespaceSchemaLocation="https://maven.apache.org/surefire/maven-surefire-plugin/xsd/surefire-test-report.xsd" version="3.0.2" name="com.printmanager.PrintRuleTest" time="0.076" tests="2" errors="0" skipped="0" failures="0">
  <properties>
[...]
</properties>
  <testcase name="testPageRangeMatch" classname="com.printmanager.PrintRuleTest" time="0.01"/>
  <testcase name="analyzeSourceFile" classname="com.printmanager.PrintRuleTest" time="0.062">
    <system-out><![CDATA[SOURCE_TEXT_LEN: 3712
SOURCE_MB: [0.0,0.0,595.0,842.0]
]]></system-out>
  </testcase>
</testsuite>